2022-11-06 17:55:39,784 INFO [main] h.j.v.g.Glavna [Glavna.java:146] program je pokrenut
2022-11-07 08:34:44,753 ERROR [main] h.j.v.g.Glavna [Glavna.java:69] Broj ECTS mora biti veci od 0
hr.java.vjezbe.iznimke.KriviInputException: Broj ECTS mora biti veci od 0
	at hr.java.vjezbe.glavna.Glavna.ucitajPredmete(Glavna.java:66)
	at hr.java.vjezbe.glavna.Glavna.main(Glavna.java:176)
2022-11-07 08:34:50,470 ERROR [main] h.j.v.g.Glavna [Glavna.java:69] Broj ECTS mora biti veci od 0
hr.java.vjezbe.iznimke.KriviInputException: Broj ECTS mora biti veci od 0
	at hr.java.vjezbe.glavna.Glavna.ucitajPredmete(Glavna.java:66)
	at hr.java.vjezbe.glavna.Glavna.main(Glavna.java:176)
2022-11-07 08:34:52,758 ERROR [main] h.j.v.g.Glavna [Glavna.java:73] Neispravan unos!
java.util.InputMismatchException: null
	at java.base/java.util.Scanner.throwFor(Scanner.java:943)
	at java.base/java.util.Scanner.next(Scanner.java:1598)
	at java.base/java.util.Scanner.nextInt(Scanner.java:2263)
	at java.base/java.util.Scanner.nextInt(Scanner.java:2217)
	at hr.java.vjezbe.glavna.Glavna.ucitajPredmete(Glavna.java:63)
	at hr.java.vjezbe.glavna.Glavna.main(Glavna.java:176)
2022-11-07 08:49:55,296 ERROR [main] h.j.v.g.Glavna [Glavna.java:69] Broj ECTS mora biti veci od 0
hr.java.vjezbe.iznimke.KriviInputException: Broj ECTS mora biti veci od 0
	at hr.java.vjezbe.glavna.Glavna.ucitajPredmete(Glavna.java:66)
	at hr.java.vjezbe.glavna.Glavna.main(Glavna.java:194)
2022-11-07 08:49:58,477 ERROR [main] h.j.v.g.Glavna [Glavna.java:73] Neispravan unos!
java.util.InputMismatchException: null
	at java.base/java.util.Scanner.throwFor(Scanner.java:943)
	at java.base/java.util.Scanner.next(Scanner.java:1598)
	at java.base/java.util.Scanner.nextInt(Scanner.java:2263)
	at java.base/java.util.Scanner.nextInt(Scanner.java:2217)
	at hr.java.vjezbe.glavna.Glavna.ucitajPredmete(Glavna.java:63)
	at hr.java.vjezbe.glavna.Glavna.main(Glavna.java:194)
2022-11-07 08:50:28,512 ERROR [main] h.j.v.g.Glavna [Glavna.java:95] Redni broj profesora mora biti izmedu 1 i 2
hr.java.vjezbe.iznimke.KriviInputException: Redni broj profesora mora biti izmedu 1 i 2
	at hr.java.vjezbe.glavna.Glavna.ucitajPredmete(Glavna.java:92)
	at hr.java.vjezbe.glavna.Glavna.main(Glavna.java:194)
2022-11-07 08:50:36,329 ERROR [main] h.j.v.g.Glavna [Glavna.java:95] Redni broj profesora mora biti izmedu 1 i 2
hr.java.vjezbe.iznimke.KriviInputException: Redni broj profesora mora biti izmedu 1 i 2
	at hr.java.vjezbe.glavna.Glavna.ucitajPredmete(Glavna.java:92)
	at hr.java.vjezbe.glavna.Glavna.main(Glavna.java:194)
2022-11-07 08:50:38,765 ERROR [main] h.j.v.g.Glavna [Glavna.java:99] Neispravan unos!
java.util.InputMismatchException: null
	at java.base/java.util.Scanner.throwFor(Scanner.java:943)
	at java.base/java.util.Scanner.next(Scanner.java:1598)
	at java.base/java.util.Scanner.nextInt(Scanner.java:2263)
	at java.base/java.util.Scanner.nextInt(Scanner.java:2217)
	at hr.java.vjezbe.glavna.Glavna.ucitajPredmete(Glavna.java:89)
	at hr.java.vjezbe.glavna.Glavna.main(Glavna.java:194)
2022-11-07 09:23:19,530 ERROR [main] h.j.v.g.Glavna [Glavna.java:73] Neispravan unos!
java.util.InputMismatchException: null
	at java.base/java.util.Scanner.throwFor(Scanner.java:943)
	at java.base/java.util.Scanner.next(Scanner.java:1598)
	at java.base/java.util.Scanner.nextInt(Scanner.java:2263)
	at java.base/java.util.Scanner.nextInt(Scanner.java:2217)
	at hr.java.vjezbe.glavna.Glavna.ucitajPredmete(Glavna.java:63)
	at hr.java.vjezbe.glavna.Glavna.main(Glavna.java:212)
2022-11-07 10:32:10,859 ERROR [main] h.j.v.g.Glavna [Glavna.java:294] Neispravan unos!
java.util.InputMismatchException: null
	at java.base/java.util.Scanner.throwFor(Scanner.java:943)
	at java.base/java.util.Scanner.next(Scanner.java:1598)
	at java.base/java.util.Scanner.nextInt(Scanner.java:2263)
	at java.base/java.util.Scanner.nextInt(Scanner.java:2217)
	at hr.java.vjezbe.glavna.Glavna.main(Glavna.java:284)
2022-11-07 22:09:35,095 ERROR [main] h.j.v.g.Glavna [Glavna.java:294] Neispravan unos!
java.util.InputMismatchException: null
	at java.base/java.util.Scanner.throwFor(Scanner.java:943)
	at java.base/java.util.Scanner.next(Scanner.java:1598)
	at java.base/java.util.Scanner.nextInt(Scanner.java:2263)
	at java.base/java.util.Scanner.nextInt(Scanner.java:2217)
	at hr.java.vjezbe.glavna.Glavna.main(Glavna.java:284)
2022-11-07 22:10:43,670 ERROR [main] h.j.v.g.Glavna [Glavna.java:294] Neispravan unos!
java.util.InputMismatchException: null
	at java.base/java.util.Scanner.throwFor(Scanner.java:943)
	at java.base/java.util.Scanner.next(Scanner.java:1598)
	at java.base/java.util.Scanner.nextInt(Scanner.java:2263)
	at java.base/java.util.Scanner.nextInt(Scanner.java:2217)
	at hr.java.vjezbe.glavna.Glavna.main(Glavna.java:284)
2022-11-07 22:14:36,197 WARN [main] h.j.v.g.Glavna [VeleucilisteJave.java:39] Student Marko Curic zbog negativne ocjene na jednom od predmeta ima prosjek 'nedovoljan (1)'!
hr.java.vjezbe.iznimke.NemoguceOdreditiProsjekStudentaException: Student Marko Curic je ocjenjen negativnom ocjenom iz predmeta Programiranje u jeziku Java
	at hr.java.vjezbe.entitet.Visokoskolska.odrediProsjekOcjenaNaIspitima(Visokoskolska.java:16)
	at hr.java.vjezbe.entitet.VeleucilisteJave.odrediNajuspjesnijegStudentaNaGodini(VeleucilisteJave.java:37)
	at hr.java.vjezbe.glavna.Glavna.main(Glavna.java:351)
2022-11-07 22:14:36,198 WARN [main] h.j.v.g.Glavna [VeleucilisteJave.java:48] Student Marko Curic zbog negativne ocjene na jednom od predmeta ima prosjek 'nedovoljan (1)'!
hr.java.vjezbe.iznimke.NemoguceOdreditiProsjekStudentaException: Student Marko Curic je ocjenjen negativnom ocjenom iz predmeta Programiranje u jeziku Java
	at hr.java.vjezbe.entitet.Visokoskolska.odrediProsjekOcjenaNaIspitima(Visokoskolska.java:16)
	at hr.java.vjezbe.entitet.VeleucilisteJave.odrediNajuspjesnijegStudentaNaGodini(VeleucilisteJave.java:46)
	at hr.java.vjezbe.glavna.Glavna.main(Glavna.java:351)
2022-11-07 22:26:27,459 ERROR [main] h.j.v.g.Glavna [Glavna.java:226] Neispravan unos!
java.util.InputMismatchException: null
	at java.base/java.util.Scanner.throwFor(Scanner.java:943)
	at java.base/java.util.Scanner.next(Scanner.java:1598)
	at java.base/java.util.Scanner.nextInt(Scanner.java:2263)
	at java.base/java.util.Scanner.nextInt(Scanner.java:2217)
	at hr.java.vjezbe.glavna.Glavna.ucitajIspite(Glavna.java:216)
	at hr.java.vjezbe.glavna.Glavna.main(Glavna.java:308)
2022-11-07 22:27:42,705 ERROR [main] h.j.v.g.Glavna [FakultetRacunarstva.java:90] Postoji vise najmladih studenata: Emil Frankovic, Emil Frankovic
2022-11-07 22:43:09,604 ERROR [main] h.j.v.g.Glavna [Glavna.java:264] Krivi format datuma!
java.time.format.DateTimeParseException: Text '' could not be parsed at index 0
	at java.base/java.time.format.DateTimeFormatter.parseResolved0(DateTimeFormatter.java:2106)
	at java.base/java.time.format.DateTimeFormatter.parse(DateTimeFormatter.java:2008)
	at java.base/java.time.LocalDateTime.parse(LocalDateTime.java:494)
	at hr.java.vjezbe.glavna.Glavna.ucitajIspite(Glavna.java:261)
	at hr.java.vjezbe.glavna.Glavna.main(Glavna.java:308)
2022-11-07 22:43:39,247 ERROR [main] h.j.v.g.Glavna [FakultetRacunarstva.java:90] Postoji vise najmladih studenata: Emil  Frankovic, Danka Zupanovic
2022-11-07 23:30:17,056 WARN [main] h.j.v.g.Glavna [VeleucilisteJave.java:39] Student Marko curic zbog negativne ocjene na jednom od predmeta ima prosjek 'nedovoljan (1)'!
hr.java.vjezbe.iznimke.NemoguceOdreditiProsjekStudentaException: Student Marko curic je ocjenjen negativnom ocjenom iz predmeta Programiranje u Javi
	at hr.java.vjezbe.entitet.Visokoskolska.odrediProsjekOcjenaNaIspitima(Visokoskolska.java:16)
	at hr.java.vjezbe.entitet.VeleucilisteJave.odrediNajuspjesnijegStudentaNaGodini(VeleucilisteJave.java:37)
	at hr.java.vjezbe.glavna.Glavna.main(Glavna.java:351)
2022-11-07 23:30:17,060 WARN [main] h.j.v.g.Glavna [VeleucilisteJave.java:48] Student Marko curic zbog negativne ocjene na jednom od predmeta ima prosjek 'nedovoljan (1)'!
hr.java.vjezbe.iznimke.NemoguceOdreditiProsjekStudentaException: Student Marko curic je ocjenjen negativnom ocjenom iz predmeta Programiranje u Javi
	at hr.java.vjezbe.entitet.Visokoskolska.odrediProsjekOcjenaNaIspitima(Visokoskolska.java:16)
	at hr.java.vjezbe.entitet.VeleucilisteJave.odrediNajuspjesnijegStudentaNaGodini(VeleucilisteJave.java:46)
	at hr.java.vjezbe.glavna.Glavna.main(Glavna.java:351)
2022-11-07 23:46:36,789 ERROR [main] h.j.v.g.Glavna [Glavna.java:100] Neispravan unos!
java.util.InputMismatchException: null
	at java.base/java.util.Scanner.throwFor(Scanner.java:943)
	at java.base/java.util.Scanner.next(Scanner.java:1598)
	at java.base/java.util.Scanner.nextInt(Scanner.java:2263)
	at java.base/java.util.Scanner.nextInt(Scanner.java:2217)
	at hr.java.vjezbe.glavna.Glavna.ucitajPredmete(Glavna.java:90)
	at hr.java.vjezbe.glavna.Glavna.main(Glavna.java:306)
2022-11-07 23:46:40,505 ERROR [main] h.j.v.g.Glavna [Glavna.java:123] Neispravan unos!
java.util.InputMismatchException: null
	at java.base/java.util.Scanner.throwFor(Scanner.java:943)
	at java.base/java.util.Scanner.next(Scanner.java:1598)
	at java.base/java.util.Scanner.nextInt(Scanner.java:2263)
	at java.base/java.util.Scanner.nextInt(Scanner.java:2217)
	at hr.java.vjezbe.glavna.Glavna.ucitajPredmete(Glavna.java:113)
	at hr.java.vjezbe.glavna.Glavna.main(Glavna.java:306)
2022-11-07 23:47:40,295 ERROR [main] h.j.v.g.Glavna [Glavna.java:74] Neispravan unos!
java.util.InputMismatchException: null
	at java.base/java.util.Scanner.throwFor(Scanner.java:943)
	at java.base/java.util.Scanner.next(Scanner.java:1598)
	at java.base/java.util.Scanner.nextInt(Scanner.java:2263)
	at java.base/java.util.Scanner.nextInt(Scanner.java:2217)
	at hr.java.vjezbe.glavna.Glavna.ucitajPredmete(Glavna.java:64)
	at hr.java.vjezbe.glavna.Glavna.main(Glavna.java:306)
2022-11-07 23:47:54,030 ERROR [main] h.j.v.g.Glavna [Glavna.java:294] Neispravan unos!
java.util.InputMismatchException: null
	at java.base/java.util.Scanner.throwFor(Scanner.java:943)
	at java.base/java.util.Scanner.next(Scanner.java:1598)
	at java.base/java.util.Scanner.nextInt(Scanner.java:2263)
	at java.base/java.util.Scanner.nextInt(Scanner.java:2217)
	at hr.java.vjezbe.glavna.Glavna.main(Glavna.java:284)
2022-11-07 23:47:54,371 ERROR [main] h.j.v.g.Glavna [Glavna.java:294] Neispravan unos!
java.util.InputMismatchException: null
	at java.base/java.util.Scanner.throwFor(Scanner.java:943)
	at java.base/java.util.Scanner.next(Scanner.java:1598)
	at java.base/java.util.Scanner.nextInt(Scanner.java:2263)
	at java.base/java.util.Scanner.nextInt(Scanner.java:2217)
	at hr.java.vjezbe.glavna.Glavna.main(Glavna.java:284)
2022-11-07 23:47:54,832 ERROR [main] h.j.v.g.Glavna [Glavna.java:294] Neispravan unos!
java.util.InputMismatchException: null
	at java.base/java.util.Scanner.throwFor(Scanner.java:943)
	at java.base/java.util.Scanner.next(Scanner.java:1598)
	at java.base/java.util.Scanner.nextInt(Scanner.java:2263)
	at java.base/java.util.Scanner.nextInt(Scanner.java:2217)
	at hr.java.vjezbe.glavna.Glavna.main(Glavna.java:284)
2022-11-07 23:50:18,319 WARN [main] h.j.v.g.Glavna [VeleucilisteJave.java:39] Student M C zbog negativne ocjene na jednom od predmeta ima prosjek 'nedovoljan (1)'!
hr.java.vjezbe.iznimke.NemoguceOdreditiProsjekStudentaException: Student M C je ocjenjen negativnom ocjenom iz predmeta Java
	at hr.java.vjezbe.entitet.Visokoskolska.odrediProsjekOcjenaNaIspitima(Visokoskolska.java:18)
	at hr.java.vjezbe.entitet.VeleucilisteJave.odrediNajuspjesnijegStudentaNaGodini(VeleucilisteJave.java:37)
	at hr.java.vjezbe.glavna.Glavna.main(Glavna.java:351)
2022-11-07 23:50:18,320 WARN [main] h.j.v.g.Glavna [VeleucilisteJave.java:48] Student M C zbog negativne ocjene na jednom od predmeta ima prosjek 'nedovoljan (1)'!
hr.java.vjezbe.iznimke.NemoguceOdreditiProsjekStudentaException: Student M C je ocjenjen negativnom ocjenom iz predmeta Java
	at hr.java.vjezbe.entitet.Visokoskolska.odrediProsjekOcjenaNaIspitima(Visokoskolska.java:18)
	at hr.java.vjezbe.entitet.VeleucilisteJave.odrediNajuspjesnijegStudentaNaGodini(VeleucilisteJave.java:46)
	at hr.java.vjezbe.glavna.Glavna.main(Glavna.java:351)
2022-11-08 00:01:34,868 ERROR [main] h.j.v.g.Glavna [Glavna.java:249] Neispravan unos!
java.util.InputMismatchException: null
	at java.base/java.util.Scanner.throwFor(Scanner.java:943)
	at java.base/java.util.Scanner.next(Scanner.java:1598)
	at java.base/java.util.Scanner.nextInt(Scanner.java:2263)
	at java.base/java.util.Scanner.nextInt(Scanner.java:2217)
	at hr.java.vjezbe.glavna.Glavna.ucitajIspite(Glavna.java:239)
	at hr.java.vjezbe.glavna.Glavna.main(Glavna.java:308)
2022-11-08 00:01:39,869 ERROR [main] h.j.v.g.Glavna [Glavna.java:264] Krivi format datuma!
java.time.format.DateTimeParseException: Text '2' could not be parsed at index 0
	at java.base/java.time.format.DateTimeFormatter.parseResolved0(DateTimeFormatter.java:2106)
	at java.base/java.time.format.DateTimeFormatter.parse(DateTimeFormatter.java:2008)
	at java.base/java.time.LocalDateTime.parse(LocalDateTime.java:494)
	at hr.java.vjezbe.glavna.Glavna.ucitajIspite(Glavna.java:261)
	at hr.java.vjezbe.glavna.Glavna.main(Glavna.java:308)
2022-11-08 00:01:40,385 ERROR [main] h.j.v.g.Glavna [Glavna.java:264] Krivi format datuma!
java.time.format.DateTimeParseException: Text '2' could not be parsed at index 0
	at java.base/java.time.format.DateTimeFormatter.parseResolved0(DateTimeFormatter.java:2106)
	at java.base/java.time.format.DateTimeFormatter.parse(DateTimeFormatter.java:2008)
	at java.base/java.time.LocalDateTime.parse(LocalDateTime.java:494)
	at hr.java.vjezbe.glavna.Glavna.ucitajIspite(Glavna.java:261)
	at hr.java.vjezbe.glavna.Glavna.main(Glavna.java:308)
2022-11-08 00:02:29,640 ERROR [main] h.j.v.g.Glavna [Glavna.java:294] Neispravan unos!
java.util.InputMismatchException: null
	at java.base/java.util.Scanner.throwFor(Scanner.java:943)
	at java.base/java.util.Scanner.next(Scanner.java:1598)
	at java.base/java.util.Scanner.nextInt(Scanner.java:2263)
	at java.base/java.util.Scanner.nextInt(Scanner.java:2217)
	at hr.java.vjezbe.glavna.Glavna.main(Glavna.java:284)
2022-11-08 00:02:29,917 ERROR [main] h.j.v.g.Glavna [Glavna.java:294] Neispravan unos!
java.util.InputMismatchException: null
	at java.base/java.util.Scanner.throwFor(Scanner.java:943)
	at java.base/java.util.Scanner.next(Scanner.java:1598)
	at java.base/java.util.Scanner.nextInt(Scanner.java:2263)
	at java.base/java.util.Scanner.nextInt(Scanner.java:2217)
	at hr.java.vjezbe.glavna.Glavna.main(Glavna.java:284)
2022-11-08 00:02:30,212 ERROR [main] h.j.v.g.Glavna [Glavna.java:294] Neispravan unos!
java.util.InputMismatchException: null
	at java.base/java.util.Scanner.throwFor(Scanner.java:943)
	at java.base/java.util.Scanner.next(Scanner.java:1598)
	at java.base/java.util.Scanner.nextInt(Scanner.java:2263)
	at java.base/java.util.Scanner.nextInt(Scanner.java:2217)
	at hr.java.vjezbe.glavna.Glavna.main(Glavna.java:284)
2022-11-08 00:02:30,593 ERROR [main] h.j.v.g.Glavna [Glavna.java:294] Neispravan unos!
java.util.InputMismatchException: null
	at java.base/java.util.Scanner.throwFor(Scanner.java:943)
	at java.base/java.util.Scanner.next(Scanner.java:1598)
	at java.base/java.util.Scanner.nextInt(Scanner.java:2263)
	at java.base/java.util.Scanner.nextInt(Scanner.java:2217)
	at hr.java.vjezbe.glavna.Glavna.main(Glavna.java:284)
2022-11-08 00:02:31,905 ERROR [main] h.j.v.g.Glavna [Glavna.java:294] Neispravan unos!
java.util.InputMismatchException: null
	at java.base/java.util.Scanner.throwFor(Scanner.java:943)
	at java.base/java.util.Scanner.next(Scanner.java:1598)
	at java.base/java.util.Scanner.nextInt(Scanner.java:2263)
	at java.base/java.util.Scanner.nextInt(Scanner.java:2217)
	at hr.java.vjezbe.glavna.Glavna.main(Glavna.java:284)
2022-11-08 00:04:54,246 WARN [main] h.j.v.g.Glavna [VeleucilisteJave.java:39] Student Marko Curic zbog negativne ocjene na jednom od predmeta ima prosjek 'nedovoljan (1)'!
hr.java.vjezbe.iznimke.NemoguceOdreditiProsjekStudentaException: Student Marko Curic je ocjenjen negativnom ocjenom iz predmeta Programiranje u javi
	at hr.java.vjezbe.entitet.Visokoskolska.odrediProsjekOcjenaNaIspitima(Visokoskolska.java:16)
	at hr.java.vjezbe.entitet.VeleucilisteJave.odrediNajuspjesnijegStudentaNaGodini(VeleucilisteJave.java:37)
	at hr.java.vjezbe.glavna.Glavna.main(Glavna.java:351)
2022-11-08 00:04:54,250 WARN [main] h.j.v.g.Glavna [VeleucilisteJave.java:48] Student Marko Curic zbog negativne ocjene na jednom od predmeta ima prosjek 'nedovoljan (1)'!
hr.java.vjezbe.iznimke.NemoguceOdreditiProsjekStudentaException: Student Marko Curic je ocjenjen negativnom ocjenom iz predmeta Programiranje u javi
	at hr.java.vjezbe.entitet.Visokoskolska.odrediProsjekOcjenaNaIspitima(Visokoskolska.java:16)
	at hr.java.vjezbe.entitet.VeleucilisteJave.odrediNajuspjesnijegStudentaNaGodini(VeleucilisteJave.java:46)
	at hr.java.vjezbe.glavna.Glavna.main(Glavna.java:351)
2022-11-08 11:15:15,861 WARN [main] h.j.v.g.Glavna [VeleucilisteJave.java:39] Student Marko Curic zbog negativne ocjene na jednom od predmeta ima prosjek 'nedovoljan (1)'!
hr.java.vjezbe.iznimke.NemoguceOdreditiProsjekStudentaException: Student Marko Curic je ocjenjen negativnom ocjenom iz predmeta Programiranje u jeziku Java
	at hr.java.vjezbe.entitet.Visokoskolska.odrediProsjekOcjenaNaIspitima(Visokoskolska.java:16)
	at hr.java.vjezbe.entitet.VeleucilisteJave.odrediNajuspjesnijegStudentaNaGodini(VeleucilisteJave.java:37)
	at hr.java.vjezbe.glavna.Glavna.main(Glavna.java:351)
2022-11-08 11:15:15,867 WARN [main] h.j.v.g.Glavna [VeleucilisteJave.java:48] Student Marko Curic zbog negativne ocjene na jednom od predmeta ima prosjek 'nedovoljan (1)'!
hr.java.vjezbe.iznimke.NemoguceOdreditiProsjekStudentaException: Student Marko Curic je ocjenjen negativnom ocjenom iz predmeta Programiranje u jeziku Java
	at hr.java.vjezbe.entitet.Visokoskolska.odrediProsjekOcjenaNaIspitima(Visokoskolska.java:16)
	at hr.java.vjezbe.entitet.VeleucilisteJave.odrediNajuspjesnijegStudentaNaGodini(VeleucilisteJave.java:46)
	at hr.java.vjezbe.glavna.Glavna.main(Glavna.java:351)
2022-11-08 11:18:43,217 ERROR [main] h.j.v.g.Glavna [FakultetRacunarstva.java:90] Postoji vise najmladih studenata: Emil Frankovic, Danka Zupanovic
2022-11-08 15:04:40,886 ERROR [main] h.j.v.g.Glavna [Glavna.java:399] Redni broj studenta mora biti izmedu 1 i 2
hr.java.vjezbe.iznimke.KriviInputException: Redni broj studenta mora biti izmedu 1 i 2
	at hr.java.vjezbe.glavna.Glavna.ucitajIspite(Glavna.java:396)
	at hr.java.vjezbe.glavna.Glavna.main(Glavna.java:62)
2022-11-08 15:07:56,102 ERROR [main] h.j.v.g.Glavna [Glavna.java:48] Neispravan unos!
java.util.InputMismatchException: null
	at java.base/java.util.Scanner.throwFor(Scanner.java:943)
	at java.base/java.util.Scanner.next(Scanner.java:1598)
	at java.base/java.util.Scanner.nextInt(Scanner.java:2263)
	at java.base/java.util.Scanner.nextInt(Scanner.java:2217)
	at hr.java.vjezbe.glavna.Glavna.main(Glavna.java:38)
2022-11-08 16:23:13,288 WARN [main] h.j.v.g.Glavna [Glavna.java:48] Neispravan unos!
java.util.InputMismatchException: null
	at java.base/java.util.Scanner.throwFor(Scanner.java:943)
	at java.base/java.util.Scanner.next(Scanner.java:1598)
	at java.base/java.util.Scanner.nextInt(Scanner.java:2263)
	at java.base/java.util.Scanner.nextInt(Scanner.java:2217)
	at hr.java.vjezbe.glavna.Glavna.main(Glavna.java:38)
2022-11-08 16:25:18,948 WARN [main] h.j.v.g.Glavna [VeleucilisteJave.java:57] Student Marko Curic zbog negativne ocjene na jednom od predmeta ima prosjek 'nedovoljan (1)'!
hr.java.vjezbe.iznimke.NemoguceOdreditiProsjekStudentaException: Student Marko Curic je ocjenjen negativnom ocjenom iz predmeta Java
	at hr.java.vjezbe.entitet.Visokoskolska.odrediProsjekOcjenaNaIspitima(Visokoskolska.java:33)
	at hr.java.vjezbe.entitet.VeleucilisteJave.odrediNajuspjesnijegStudentaNaGodini(VeleucilisteJave.java:55)
	at hr.java.vjezbe.glavna.Glavna.odabirUstanove(Glavna.java:151)
	at hr.java.vjezbe.glavna.Glavna.main(Glavna.java:83)
2022-11-08 16:25:18,949 WARN [main] h.j.v.g.Glavna [VeleucilisteJave.java:66] Student Marko Curic zbog negativne ocjene na jednom od predmeta ima prosjek 'nedovoljan (1)'!
hr.java.vjezbe.iznimke.NemoguceOdreditiProsjekStudentaException: Student Marko Curic je ocjenjen negativnom ocjenom iz predmeta Java
	at hr.java.vjezbe.entitet.Visokoskolska.odrediProsjekOcjenaNaIspitima(Visokoskolska.java:33)
	at hr.java.vjezbe.entitet.VeleucilisteJave.odrediNajuspjesnijegStudentaNaGodini(VeleucilisteJave.java:64)
	at hr.java.vjezbe.glavna.Glavna.odabirUstanove(Glavna.java:151)
	at hr.java.vjezbe.glavna.Glavna.main(Glavna.java:83)
2022-11-08 16:27:30,704 ERROR [main] h.j.v.g.Glavna [FakultetRacunarstva.java:115] Postoji vise najmladih studenata: Emil Frankovic, Danka Zupanovic
2022-11-08 17:31:23,039 WARN [main] h.j.v.g.Glavna [Glavna.java:263] Neispravan unos!
java.util.InputMismatchException: null
	at java.base/java.util.Scanner.throwFor(Scanner.java:943)
	at java.base/java.util.Scanner.next(Scanner.java:1598)
	at java.base/java.util.Scanner.nextInt(Scanner.java:2263)
	at java.base/java.util.Scanner.nextInt(Scanner.java:2217)
	at hr.java.vjezbe.glavna.Glavna.ucitajPredmete(Glavna.java:253)
	at hr.java.vjezbe.glavna.Glavna.main(Glavna.java:61)
2022-11-08 17:32:55,253 WARN [main] h.j.v.g.Glavna [Glavna.java:49] Neispravan unos!
java.util.InputMismatchException: null
	at java.base/java.util.Scanner.throwFor(Scanner.java:943)
	at java.base/java.util.Scanner.next(Scanner.java:1598)
	at java.base/java.util.Scanner.nextInt(Scanner.java:2263)
	at java.base/java.util.Scanner.nextInt(Scanner.java:2217)
	at hr.java.vjezbe.glavna.Glavna.main(Glavna.java:39)
2022-11-08 17:32:55,635 WARN [main] h.j.v.g.Glavna [Glavna.java:49] Neispravan unos!
java.util.InputMismatchException: null
	at java.base/java.util.Scanner.throwFor(Scanner.java:943)
	at java.base/java.util.Scanner.next(Scanner.java:1598)
	at java.base/java.util.Scanner.nextInt(Scanner.java:2263)
	at java.base/java.util.Scanner.nextInt(Scanner.java:2217)
	at hr.java.vjezbe.glavna.Glavna.main(Glavna.java:39)
2022-11-08 17:32:55,998 WARN [main] h.j.v.g.Glavna [Glavna.java:49] Neispravan unos!
java.util.InputMismatchException: null
	at java.base/java.util.Scanner.throwFor(Scanner.java:943)
	at java.base/java.util.Scanner.next(Scanner.java:1598)
	at java.base/java.util.Scanner.nextInt(Scanner.java:2263)
	at java.base/java.util.Scanner.nextInt(Scanner.java:2217)
	at hr.java.vjezbe.glavna.Glavna.main(Glavna.java:39)
2022-11-08 17:32:56,450 WARN [main] h.j.v.g.Glavna [Glavna.java:49] Neispravan unos!
java.util.InputMismatchException: null
	at java.base/java.util.Scanner.throwFor(Scanner.java:943)
	at java.base/java.util.Scanner.next(Scanner.java:1598)
	at java.base/java.util.Scanner.nextInt(Scanner.java:2263)
	at java.base/java.util.Scanner.nextInt(Scanner.java:2217)
	at hr.java.vjezbe.glavna.Glavna.main(Glavna.java:39)
2022-11-08 17:32:56,973 WARN [main] h.j.v.g.Glavna [Glavna.java:49] Neispravan unos!
java.util.InputMismatchException: null
	at java.base/java.util.Scanner.throwFor(Scanner.java:943)
	at java.base/java.util.Scanner.next(Scanner.java:1598)
	at java.base/java.util.Scanner.nextInt(Scanner.java:2263)
	at java.base/java.util.Scanner.nextInt(Scanner.java:2217)
	at hr.java.vjezbe.glavna.Glavna.main(Glavna.java:39)
2022-11-08 17:33:54,787 ERROR [main] h.j.v.g.Glavna [Glavna.java:361] Upisani JMBAG vec postoji
hr.java.vjezbe.iznimke.PostojiJMBAGException: Upisani JMBAG vec postoji
	at hr.java.vjezbe.glavna.Glavna.ucitajStudente(Glavna.java:360)
	at hr.java.vjezbe.glavna.Glavna.main(Glavna.java:62)
2022-11-08 18:00:59,059 ERROR [main] h.j.v.g.Glavna [NeispravanJMBAGException.java:19] JMBG mora sadrzavati 13 znamenki
hr.java.vjezbe.iznimke.NeispravanJMBAGException: JMBG mora sadrzavati 13 znamenki
	at hr.java.vjezbe.glavna.Glavna.ucitajProfesore(Glavna.java:233)
	at hr.java.vjezbe.glavna.Glavna.main(Glavna.java:63)
2022-11-08 18:03:38,779 ERROR [main] h.j.v.g.Glavna [PostojiJMBAGException.java:18] Upisani JMBAG vec postoji
hr.java.vjezbe.iznimke.PostojiJMBAGException: Upisani JMBAG vec postoji
	at hr.java.vjezbe.glavna.Glavna.ucitajStudente(Glavna.java:375)
	at hr.java.vjezbe.glavna.Glavna.main(Glavna.java:65)
